0 info it worked if it ends with ok
1 verbose cli [ 'C:\\Program Files\\nodejs\\node.exe',
1 verbose cli   'C:\\Program Files\\nodejs\\node_modules\\npm\\bin\\npm-cli.js',
1 verbose cli   'run',
1 verbose cli   'coverage' ]
2 info using npm@3.10.3
3 info using node@v6.4.0
4 verbose run-script [ 'precoverage', 'coverage', 'postcoverage' ]
5 info lifecycle learnwords@1.0.0~precoverage: learnwords@1.0.0
6 silly lifecycle learnwords@1.0.0~precoverage: no script for precoverage, continuing
7 info lifecycle learnwords@1.0.0~coverage: learnwords@1.0.0
8 verbose lifecycle learnwords@1.0.0~coverage: unsafe-perm in lifecycle true
9 verbose lifecycle learnwords@1.0.0~coverage: PATH: C:\Program Files\nodejs\node_modules\npm\bin\node-gyp-bin;D:\PROJECTS\LearnWords\node_modules\.bin;C:\Program Files\nodejs;C:\ProgramData\Oracle\Java\javapath;C:\Program Files\Dell\DW WLAN Card;C:\Program Files (x86)\Intel\iCLS Client\;C:\Program Files\Intel\iCLS Client\;C:\Windows\system32;C:\Windows;C:\Windows\System32\Wbem;C:\Windows\System32\WindowsPowerShell\v1.0\;C:\Program Files\Intel\Intel(R) Management Engine Components\DAL;C:\Program Files\Intel\Intel(R) Management Engine Components\IPT;C:\Program Files (x86)\Intel\Intel(R) Management Engine Components\DAL;C:\Program Files (x86)\Intel\Intel(R) Management Engine Components\IPT;C:\Program Files (x86)\Intel\OpenCL SDK\1.5\bin\x86;C:\Program Files (x86)\Intel\OpenCL SDK\1.5\bin\x64;C:\Program Files\WIDCOMM\Bluetooth Software\;C:\Program Files\WIDCOMM\Bluetooth Software\syswow64;C:\Program Files\Git\cmd;C:\Program Files\nodejs\;C:\Program Files (x86)\Skype\Phone\;C:\Program Files (x86)\OpenVPN\bin;C:\Ruby23-x64\bin;C:\Users\admin\AppData\Local\atom\bin;C:\Users\admin\AppData\Roaming\npm;C:\mongodb
10 verbose lifecycle learnwords@1.0.0~coverage: CWD: D:\PROJECTS\LearnWords
11 silly lifecycle learnwords@1.0.0~coverage: Args: [ '/d /s /c',
11 silly lifecycle   'mocha -R mocha-lcov-reporter > coverage/coverage.lcov' ]
12 silly lifecycle learnwords@1.0.0~coverage: Returned: code: 1  signal: null
13 info lifecycle learnwords@1.0.0~coverage: Failed to exec coverage script
14 verbose stack Error: learnwords@1.0.0 coverage: `mocha -R mocha-lcov-reporter > coverage/coverage.lcov`
14 verbose stack Exit status 1
14 verbose stack     at EventEmitter.<anonymous> (C:\Program Files\nodejs\node_modules\npm\lib\utils\lifecycle.js:242:16)
14 verbose stack     at emitTwo (events.js:106:13)
14 verbose stack     at EventEmitter.emit (events.js:191:7)
14 verbose stack     at ChildProcess.<anonymous> (C:\Program Files\nodejs\node_modules\npm\lib\utils\spawn.js:40:14)
14 verbose stack     at emitTwo (events.js:106:13)
14 verbose stack     at ChildProcess.emit (events.js:191:7)
14 verbose stack     at maybeClose (internal/child_process.js:852:16)
14 verbose stack     at Process.ChildProcess._handle.onexit (internal/child_process.js:215:5)
15 verbose pkgid learnwords@1.0.0
16 verbose cwd D:\PROJECTS\LearnWords
17 error Windows_NT 6.1.7600
18 error argv "C:\\Program Files\\nodejs\\node.exe" "C:\\Program Files\\nodejs\\node_modules\\npm\\bin\\npm-cli.js" "run" "coverage"
19 error node v6.4.0
20 error npm  v3.10.3
21 error code ELIFECYCLE
22 error learnwords@1.0.0 coverage: `mocha -R mocha-lcov-reporter > coverage/coverage.lcov`
22 error Exit status 1
23 error Failed at the learnwords@1.0.0 coverage script 'mocha -R mocha-lcov-reporter > coverage/coverage.lcov'.
23 error Make sure you have the latest version of node.js and npm installed.
23 error If you do, this is most likely a problem with the learnwords package,
23 error not with npm itself.
23 error Tell the author that this fails on your system:
23 error     mocha -R mocha-lcov-reporter > coverage/coverage.lcov
23 error You can get information on how to open an issue for this project with:
23 error     npm bugs learnwords
23 error Or if that isn't available, you can get their info via:
23 error     npm owner ls learnwords
23 error There is likely additional logging output above.
24 verbose exit [ 1, true ]
